2019-01-07 17:54:49 | [INFO]    | Discordia 2.6.0
2019-01-07 17:54:49 | [INFO]    | Connecting to Discord...
2019-01-07 17:54:49 | [INFO]    | Authenticated as MQ2Discord#4486
2019-01-07 17:54:49 | [INFO]    | Launching shard 0 (1 out of 1)...
2019-01-07 17:54:49 | [INFO]    | Shard 0 : Connected to wss://gateway.discord.gg
2019-01-07 17:54:49 | [INFO]    | Shard 0 : Received HELLO (gateway-prd-main-dsfl)
2019-01-07 17:54:49 | [INFO]    | Shard 0 : Received READY (gateway-prd-main-dsfl, discord-sessions-prd-1-5)
2019-01-07 18:09:41 | [INFO]    | Discordia 2.6.0
2019-01-07 18:09:41 | [INFO]    | Connecting to Discord...
2019-01-07 18:09:42 | [INFO]    | Authenticated as MQ2Discord#4486
2019-01-07 18:09:42 | [INFO]    | Launching shard 0 (1 out of 1)...
2019-01-07 18:09:42 | [INFO]    | Shard 0 : Connected to wss://gateway.discord.gg
2019-01-07 18:09:42 | [INFO]    | Shard 0 : Received HELLO (gateway-prd-main-37jv)
2019-01-07 18:09:42 | [INFO]    | Shard 0 : Received READY (gateway-prd-main-37jv, discord-sessions-prd-1-20)
2019-01-07 21:11:02 | [INFO]    | Discordia 2.6.0
2019-01-07 21:11:02 | [INFO]    | Connecting to Discord...
2019-01-07 21:11:02 | [INFO]    | Authenticated as MQ2Discord#4486
2019-01-07 21:11:02 | [INFO]    | Launching shard 0 (1 out of 1)...
2019-01-07 21:11:02 | [INFO]    | Shard 0 : Connected to wss://gateway.discord.gg
2019-01-07 21:11:02 | [INFO]    | Shard 0 : Received HELLO (gateway-prd-main-mc74)
2019-01-07 21:11:02 | [INFO]    | Shard 0 : Received READY (gateway-prd-main-mc74, discord-sessions-prd-1-23)
2019-01-08 04:57:46 | [INFO]    | Discordia 2.6.0
2019-01-08 04:57:46 | [INFO]    | Connecting to Discord...
2019-01-08 04:57:46 | [INFO]    | Authenticated as MQ2Discord#4486
2019-01-08 04:57:46 | [INFO]    | Launching shard 0 (1 out of 1)...
2019-01-08 04:57:46 | [INFO]    | Shard 0 : Connected to wss://gateway.discord.gg
2019-01-08 04:57:46 | [INFO]    | Shard 0 : Received HELLO (gateway-prd-main-wk2s)
2019-01-08 04:57:47 | [INFO]    | Shard 0 : Received READY (gateway-prd-main-wk2s, discord-sessions-prd-1-14)
2019-01-08 05:27:20 | [WARNING] | Shard 0 : 1001 - Connection closed
2019-01-08 05:27:20 | [INFO]    | Shard 0 : Disconnected
2019-01-08 05:27:20 | [INFO]    | Shard 0 : Reconnecting after 923 ms...
2019-01-08 05:27:21 | [ERROR]   | Shard 0 : Could not connect to wss://gateway.discord.gg (response must be code 101)
2019-01-08 05:27:21 | [INFO]    | Shard 0 : Reconnecting after 2093 ms...
2019-01-08 05:27:24 | [ERROR]   | Shard 0 : Could not connect to wss://gateway.discord.gg (response must be code 101)
2019-01-08 05:27:24 | [INFO]    | Shard 0 : Reconnecting after 3978 ms...
2019-01-08 05:27:28 | [ERROR]   | Shard 0 : Could not connect to wss://gateway.discord.gg (response must be code 101)
2019-01-08 05:27:28 | [INFO]    | Shard 0 : Reconnecting after 7368 ms...
2019-01-08 05:27:35 | [INFO]    | Shard 0 : Connected to wss://gateway.discord.gg
2019-01-08 05:27:35 | [INFO]    | Shard 0 : Received HELLO (gateway-prd-main-r2bc)
2019-01-08 05:27:35 | [INFO]    | Shard 0 : Received RESUMED (gateway-prd-main-r2bc, discord-sessions-prd-1-14)
2019-01-08 09:23:24 | [INFO]    | Shard 0 : Disconnected
2019-01-08 09:23:24 | [INFO]    | Shard 0 : Reconnecting after 913 ms...
2019-01-08 09:23:25 | [ERROR]   | Shard 0 : Could not connect to wss://gateway.discord.gg (response must be code 101)
2019-01-08 09:23:25 | [INFO]    | Shard 0 : Reconnecting after 1868 ms...
2019-01-08 09:23:27 | [ERROR]   | Shard 0 : Could not connect to wss://gateway.discord.gg (response must be code 101)
2019-01-08 09:23:27 | [INFO]    | Shard 0 : Reconnecting after 3805 ms...
2019-01-08 09:23:31 | [ERROR]   | Shard 0 : Could not connect to wss://gateway.discord.gg (response must be code 101)
2019-01-08 09:23:31 | [INFO]    | Shard 0 : Reconnecting after 8257 ms...
2019-01-08 09:23:40 | [ERROR]   | Shard 0 : Could not connect to wss://gateway.discord.gg (response must be code 101)
2019-01-08 09:23:40 | [INFO]    | Shard 0 : Reconnecting after 15715 ms...
2019-01-08 09:23:56 | [ERROR]   | Shard 0 : Could not connect to wss://gateway.discord.gg (response must be code 101)
2019-01-08 09:23:56 | [INFO]    | Shard 0 : Reconnecting after 29771 ms...
2019-01-08 09:24:25 | [ERROR]   | Shard 0 : Could not connect to wss://gateway.discord.gg (response must be code 101)
2019-01-08 09:24:25 | [INFO]    | Shard 0 : Reconnecting after 59286 ms...
2019-01-08 09:25:25 | [ERROR]   | Shard 0 : Could not connect to wss://gateway.discord.gg (response must be code 101)
2019-01-08 09:25:25 | [INFO]    | Shard 0 : Reconnecting after 57984 ms...
2019-01-08 09:26:23 | [ERROR]   | Shard 0 : Could not connect to wss://gateway.discord.gg (response must be code 101)
2019-01-08 09:26:23 | [INFO]    | Shard 0 : Reconnecting after 65458 ms...
2019-01-08 09:27:29 | [ERROR]   | Shard 0 : Could not connect to wss://gateway.discord.gg (response must be code 101)
2019-01-08 09:27:29 | [INFO]    | Shard 0 : Reconnecting after 63982 ms...
2019-01-08 09:28:33 | [INFO]    | Shard 0 : Connected to wss://gateway.discord.gg
2019-01-08 09:28:33 | [INFO]    | Shard 0 : Received HELLO (gateway-prd-main-37jv)
2019-01-08 09:28:33 | [INFO]    | Shard 0 : Session invalidated, re-identifying...
2019-01-08 09:28:35 | [INFO]    | Shard 0 : Received READY (gateway-prd-main-37jv, discord-sessions-prd-1-2)
2019-01-08 09:40:56 | [WARNING] | Shard 0 : 1001 - Connection closed
2019-01-08 09:40:56 | [INFO]    | Shard 0 : Disconnected
2019-01-08 09:40:56 | [INFO]    | Shard 0 : Reconnecting after 996 ms...
2019-01-08 09:40:57 | [INFO]    | Shard 0 : Connected to wss://gateway.discord.gg
2019-01-08 09:40:57 | [INFO]    | Shard 0 : Received HELLO (gateway-prd-main-hdbf)
2019-01-08 09:40:57 | [INFO]    | Shard 0 : Received RESUMED (gateway-prd-main-hdbf, discord-sessions-prd-1-2)
2019-01-08 12:51:05 | [INFO]    | Shard 0 : Disconnected
2019-01-08 12:51:05 | [INFO]    | Shard 0 : Reconnecting after 1052 ms...
2019-01-08 12:51:06 | [INFO]    | Shard 0 : Connected to wss://gateway.discord.gg
2019-01-08 12:51:06 | [INFO]    | Shard 0 : Received HELLO (gateway-prd-main-hdbf)
2019-01-08 12:51:06 | [INFO]    | Shard 0 : Received RESUMED (gateway-prd-main-hdbf, discord-sessions-prd-1-2)
2019-01-08 13:36:00 | [INFO]    | Shard 0 : Disconnected
2019-01-08 13:36:00 | [INFO]    | Shard 0 : Reconnecting after 975 ms...
2019-01-08 13:36:01 | [INFO]    | Shard 0 : Connected to wss://gateway.discord.gg
2019-01-08 13:36:01 | [INFO]    | Shard 0 : Received HELLO (gateway-prd-main-rr4m)
2019-01-08 13:36:01 | [INFO]    | Shard 0 : Received RESUMED (gateway-prd-main-rr4m, discord-sessions-prd-1-2)
